
==========================================
Trying to create gateway file
==========================================
Gateway does not exist at Z:/home/bitrix14_v2/www/bitrix/tools/sheepla.delivery/gateway.php
==========================================
Gateway file created at Z:/home/bitrix14_v2/www/bitrix/tools/sheepla.delivery/gateway.php
==========================================
Trying to install module for bitrix 14
==========================================
Folder in js folder does not exist
==========================================
Created folder: Z:/home/bitrix14_v2/www/bitrix/js/sheepla.delivery/css
==========================================
Trying to copy js and css files
==========================================
File: /css/sheepla.css
==========================================
File does not exist: Z:/home/bitrix14_v2/www/bitrix/js/sheepla.delivery/css/sheepla.css
==========================================
Can't copy file: Z:/home/bitrix14_v2/www/bitrix/js/sheepla.delivery/css/sheepla.css
==========================================
Trying to create gateway file
==========================================
Gateway does not exist at Z:/home/bitrix14_v2/www/bitrix/tools/sheepla.delivery/gateway.php
==========================================
Gateway file created at Z:/home/bitrix14_v2/www/bitrix/tools/sheepla.delivery/gateway.php
==========================================
Trying to install module for bitrix 14
==========================================
Folder in js folder does not exist
==========================================
Created folder: Z:/home/bitrix14_v2/www/bitrix/js/sheepla.delivery/css
==========================================
Trying to copy js and css files
==========================================
File: /css/sheepla.css
==========================================
File does not exist: Z:/home/bitrix14_v2/www/bitrix/js/sheepla.delivery/css/sheepla.css
==========================================
Can't copy file: Z:/home/bitrix14_v2/www/bitrix/js/sheepla.delivery/css/sheepla.css
==========================================
Trying to create gateway file
==========================================
Gateway does not exist at Z:/home/bitrix14_v2/www/bitrix/tools/sheepla.delivery/gateway.php
==========================================
Gateway file created at Z:/home/bitrix14_v2/www/bitrix/tools/sheepla.delivery/gateway.php
==========================================
Trying to install module for bitrix 14
==========================================
Folder in js folder does not exist
==========================================
Created folder: Z:/home/bitrix14_v2/www/bitrix/js/sheepla.delivery/css
==========================================
Trying to copy js and css files
==========================================
File: /css/sheepla.css
==========================================
File does not exist: Z:/home/bitrix14_v2/www/bitrix/js/sheepla.delivery/css/sheepla.css
==========================================
Can't copy file: Z:/home/bitrix14_v2/www/bitrix/js/sheepla.delivery/css/sheepla.css
==========================================
Trying to create gateway file
==========================================
Gateway does not exist at Z:/home/bitrix14_v3/www/bitrix/tools/sheepla.delivery/gateway.php
==========================================
Can't copy file: Z:/home/bitrix14_v3/www/bitrix/tools/sheepla.delivery/gateway.php
==========================================
Trying to create gateway file
==========================================
Gateway does not exist at Z:/home/bitrix14_v3/www/bitrix/tools/sheepla.delivery/gateway.php
==========================================
Can't copy file: Z:/home/bitrix14_v3/www/bitrix/tools/sheepla.delivery/gateway.php
==========================================
Trying to create gateway file
==========================================
Gateway does not exist at Z:/home/bitrix14_v3/www/bitrix/tools/sheepla.delivery/gateway.php
==========================================
Can't copy file: Z:/home/bitrix14_v3/www/bitrix/tools/sheepla.delivery/gateway.php
==========================================
Trying to create gateway file
==========================================
Gateway does not exist at Z:/home/bitrix14_v3/www/bitrix/tools/sheepla.delivery/gateway.php
==========================================
Gateway file created at Z:/home/bitrix14_v3/www/bitrix/tools/sheepla.delivery/gateway.php
==========================================
Trying to install module for bitrix 14
==========================================
Folder in js folder does not exist
==========================================
Created folder: Z:/home/bitrix14_v3/www/bitrix/js/sheepla.delivery/css
==========================================
Trying to copy js and css files
==========================================
File: /css/sheepla.css
==========================================
File does not exist: Z:/home/bitrix14_v3/www/bitrix/js/sheepla.delivery/css/sheepla.css
==========================================
Can't copy file: Z:/home/bitrix14_v3/www/bitrix/js/sheepla.delivery/css/sheepla.css