2013-02-25 19:06:14 -  - exec CUpdateClientPartner::GetUpdatesList
2013-02-25 19:06:14 -  - exec CUpdateClientPartner::__CollectRequestData
2013-02-25 19:06:14 -  - utf=Y&lang=ru&stable=Y&CANGZIP=Y&SUPD_DBS=MYSQL&XE=N&CLIENT_SITE=62.76.184.62&LICENSE_KEY=X&SUPD_STS=1&SUPD_URS=0&SUPD_URSA=2&TYPENC=D&CLIENT_PHPVER=5.3.14&dbv=5.1.66&instm=main%2C12.0.6%2CY%3Bclouds%2C12.0.2%2CN%3Bforum%2C12.0.1%2CN%3Bstatistic%2C12.0.1%2CN%3Bvote%2C12.0.4%2CN%3Btranslate%2C12.0.0%2CN%3Bbizprocdesigner%2C12.0.0%2CN%3Bcatalog%2C12.0.8%2CN%3Bcalendar%2C12.0.3%2CN%3Biblock%2C12.0.3%2CN%3Bsubscribe%2C12.0.1%2CN%3Bidea%2C11.5.1%2CN%3Bseo%2C11.5.0%2CN%3Bwebservice%2C11.5.0%2CN%3Bsocialservices%2C12.0.3%2CN%3Bphotogallery%2C12.0.1%2CN%3Bbitrixcloud%2C12.0.4%2CN%3Bworkflow%2C12.0.0%2CN%3Blists%2C12.0.0%2CN%3Bmail%2C12.0.0%2CN%3Bcompression%2C11.0.0%2CN%3Badvertising%2C12.0.0%2CN%3Bsupport%2C11.5.2%2CN%3Bsocialnetwork%2C12.0.3%2CN%3Bfileman%2C12.0.3%2CN%3Bform%2C12.0.0%2CN%3Bim%2C12.1.1%2CN%3Bsale%2C12.0.2%2CN%3Bbitrix.eshop%2C12.0.0%2CN%3Bblog%2C12.0.0%2CN%3Breport%2C12.0.1%2CN%3Bsearch%2C12.0.0%2CN%3Bbitrix.sitecommunity%2C12.0.0%2CN%3Bbitrix.siteinfoportal%2C12.0.0%2CN%3Blearning%2C12.0.4%2CN%3Bbitrix.sitecorporate%2C12.0.0%2CN%3Bbizproc%2C12.0.2%2CN%3Bwiki%2C12.0.0%2CN%3Bbitrix.sitepersonal%2C12.0.0%2CN%3Bsecurity%2C12.0.5%2CN%3Bcurrency%2C12.0.0%2CN%3Bperfmon%2C12.0.2%2CN&reqm=bitrix.eshop%2Cbitrix.sitecommunity%2Cbitrix.siteinfoportal%2Cbitrix.sitecorporate%2Cbitrix.sitepersonal%2Cbeono.mastercomponent
2013-02-25 19:06:14 -  - exec CUpdateClientPartner::GetHTTPPage
2013-02-25 19:06:15 -  - TIME GetUpdatesList(request) 0.822 sec
2013-02-25 19:06:15 -  - exec CUpdateClientPartner::ParseServerData
2013-02-25 19:06:23 -  - exec CUpdateClientPartner::LoadModulesUpdates
2013-02-25 19:06:23 -  - exec CUpdateClientPartner::__CollectRequestData
2013-02-25 19:06:23 -  - utf=Y&lang=ru&stable=Y&CANGZIP=Y&SUPD_DBS=MYSQL&XE=N&CLIENT_SITE=62.76.184.62&LICENSE_KEY=X&SUPD_STS=1&SUPD_URS=0&SUPD_URSA=2&TYPENC=D&CLIENT_PHPVER=5.3.14&dbv=5.1.66&instm=main%2C12.0.6%2CY%3Bclouds%2C12.0.2%2CN%3Bforum%2C12.0.1%2CN%3Bstatistic%2C12.0.1%2CN%3Bvote%2C12.0.4%2CN%3Btranslate%2C12.0.0%2CN%3Bbizprocdesigner%2C12.0.0%2CN%3Bcatalog%2C12.0.8%2CN%3Bcalendar%2C12.0.3%2CN%3Biblock%2C12.0.3%2CN%3Bsubscribe%2C12.0.1%2CN%3Bidea%2C11.5.1%2CN%3Bseo%2C11.5.0%2CN%3Bwebservice%2C11.5.0%2CN%3Bsocialservices%2C12.0.3%2CN%3Bphotogallery%2C12.0.1%2CN%3Bbitrixcloud%2C12.0.4%2CN%3Bworkflow%2C12.0.0%2CN%3Blists%2C12.0.0%2CN%3Bmail%2C12.0.0%2CN%3Bcompression%2C11.0.0%2CN%3Badvertising%2C12.0.0%2CN%3Bsupport%2C11.5.2%2CN%3Bsocialnetwork%2C12.0.3%2CN%3Bfileman%2C12.0.3%2CN%3Bform%2C12.0.0%2CN%3Bim%2C12.1.1%2CN%3Bsale%2C12.0.2%2CN%3Bbitrix.eshop%2C12.0.0%2CN%3Bblog%2C12.0.0%2CN%3Breport%2C12.0.1%2CN%3Bsearch%2C12.0.0%2CN%3Bbitrix.sitecommunity%2C12.0.0%2CN%3Bbitrix.siteinfoportal%2C12.0.0%2CN%3Blearning%2C12.0.4%2CN%3Bbitrix.sitecorporate%2C12.0.0%2CN%3Bbizproc%2C12.0.2%2CN%3Bwiki%2C12.0.0%2CN%3Bbitrix.sitepersonal%2C12.0.0%2CN%3Bsecurity%2C12.0.5%2CN%3Bcurrency%2C12.0.0%2CN%3Bperfmon%2C12.0.2%2CN&reqm=beono.mastercomponent&lim=Y
2013-02-25 19:06:23 -  - exec CUpdateClientPartner::GetHTTPPage
2013-02-25 19:06:23 -  - TIME LoadModulesUpdates(request) 0.592 sec
2013-02-25 19:06:23 -  - exec CUpdateClientPartner::ParseServerData
2013-02-25 19:06:23 - LMU01 - LoadModulesUpdates-Step
2013-02-25 19:06:24 -  - exec CUpdateClientPartner::LoadModulesUpdates
2013-02-25 19:06:24 -  - exec CUpdateClientPartner::__CollectRequestData
2013-02-25 19:06:24 -  - exec CUpdateClientPartner::ParseServerData
2013-02-25 19:06:25 - DOWNLOAD - Time - 0.7495889664 sec
2013-02-25 19:06:25 -  - exec CUpdateClientPartner::UnGzipArchive
2013-02-25 19:06:25 -  - TIME UnGzipArchive 0.095 sec
2013-02-25 19:06:25 -  - TIME UpdateStepModules 0.148 sec
2013-02-25 19:06:25 - UPD_SUCCESS - Updated: beono.mastercomponent
2013-02-25 19:06:26 -  - exec CUpdateClientPartner::LoadModulesUpdates
2013-02-25 19:06:26 -  - exec CUpdateClientPartner::__CollectRequestData
2013-02-25 19:06:26 -  - utf=Y&lang=ru&stable=Y&CANGZIP=Y&SUPD_DBS=MYSQL&XE=N&CLIENT_SITE=62.76.184.62&LICENSE_KEY=X&SUPD_STS=1&SUPD_URS=0&SUPD_URSA=2&TYPENC=D&CLIENT_PHPVER=5.3.14&dbv=5.1.66&instm=main%2C12.0.6%2CY%3Bclouds%2C12.0.2%2CN%3Bforum%2C12.0.1%2CN%3Bstatistic%2C12.0.1%2CN%3Bvote%2C12.0.4%2CN%3Btranslate%2C12.0.0%2CN%3Bbizprocdesigner%2C12.0.0%2CN%3Bcatalog%2C12.0.8%2CN%3Bcalendar%2C12.0.3%2CN%3Biblock%2C12.0.3%2CN%3Bsubscribe%2C12.0.1%2CN%3Bidea%2C11.5.1%2CN%3Bseo%2C11.5.0%2CN%3Bwebservice%2C11.5.0%2CN%3Bsocialservices%2C12.0.3%2CN%3Bphotogallery%2C12.0.1%2CN%3Bbitrixcloud%2C12.0.4%2CN%3Bbeono.mastercomponent%2C1.0.3%2CN%3Bworkflow%2C12.0.0%2CN%3Blists%2C12.0.0%2CN%3Bmail%2C12.0.0%2CN%3Bcompression%2C11.0.0%2CN%3Badvertising%2C12.0.0%2CN%3Bsupport%2C11.5.2%2CN%3Bsocialnetwork%2C12.0.3%2CN%3Bfileman%2C12.0.3%2CN%3Bform%2C12.0.0%2CN%3Bim%2C12.1.1%2CN%3Bsale%2C12.0.2%2CN%3Bbitrix.eshop%2C12.0.0%2CN%3Bblog%2C12.0.0%2CN%3Breport%2C12.0.1%2CN%3Bsearch%2C12.0.0%2CN%3Bbitrix.sitecommunity%2C12.0.0%2CN%3Bbitrix.siteinfoportal%2C12.0.0%2CN%3Blearning%2C12.0.4%2CN%3Bbitrix.sitecorporate%2C12.0.0%2CN%3Bbizproc%2C12.0.2%2CN%3Bwiki%2C12.0.0%2CN%3Bbitrix.sitepersonal%2C12.0.0%2CN%3Bsecurity%2C12.0.5%2CN%3Bcurrency%2C12.0.0%2CN%3Bperfmon%2C12.0.2%2CN&reqm=beono.mastercomponent&lim=Y
2013-02-25 19:06:26 -  - exec CUpdateClientPartner::GetHTTPPage
2013-02-25 19:06:26 -  - TIME LoadModulesUpdates(request) 0.608 sec
2013-02-25 19:06:26 -  - exec CUpdateClientPartner::ParseServerData
2013-02-25 19:06:26 - LMU01 - LoadModulesUpdates-Step
2013-02-25 19:06:27 -  - exec CUpdateClientPartner::LoadModulesUpdates
2013-02-25 19:06:27 -  - exec CUpdateClientPartner::__CollectRequestData
2013-02-25 19:06:27 -  - exec CUpdateClientPartner::ParseServerData
2013-02-25 19:06:28 - DOWNLOAD - Time - 0.7066960335 sec
2013-02-25 19:06:28 -  - exec CUpdateClientPartner::UnGzipArchive
2013-02-25 19:06:28 -  - TIME UnGzipArchive 0.006 sec
2013-02-25 19:06:28 - CSURUS1 - Run updater '/bitrix/updates/update_m1361804788/beono.mastercomponent/updater1.0.4.php'
2013-02-25 19:06:28 -  - TIME UpdateStepModules 0.131 sec
2013-02-25 19:06:28 - UPD_SUCCESS - Updated: beono.mastercomponent (1.0.4)<br><li>Убраны лишние символы попадающие в вывод
2013-02-25 19:06:28 -  - exec CUpdateClientPartner::LoadModulesUpdates
2013-02-25 19:06:28 -  - exec CUpdateClientPartner::__CollectRequestData
2013-02-25 19:06:29 -  - utf=Y&lang=ru&stable=Y&CANGZIP=Y&SUPD_DBS=MYSQL&XE=N&CLIENT_SITE=62.76.184.62&LICENSE_KEY=X&SUPD_STS=1&SUPD_URS=0&SUPD_URSA=2&TYPENC=D&CLIENT_PHPVER=5.3.14&dbv=5.1.66&instm=main%2C12.0.6%2CY%3Bclouds%2C12.0.2%2CN%3Bforum%2C12.0.1%2CN%3Bstatistic%2C12.0.1%2CN%3Bvote%2C12.0.4%2CN%3Btranslate%2C12.0.0%2CN%3Bbizprocdesigner%2C12.0.0%2CN%3Bcatalog%2C12.0.8%2CN%3Bcalendar%2C12.0.3%2CN%3Biblock%2C12.0.3%2CN%3Bsubscribe%2C12.0.1%2CN%3Bidea%2C11.5.1%2CN%3Bseo%2C11.5.0%2CN%3Bwebservice%2C11.5.0%2CN%3Bsocialservices%2C12.0.3%2CN%3Bphotogallery%2C12.0.1%2CN%3Bbitrixcloud%2C12.0.4%2CN%3Bbeono.mastercomponent%2C1.0.4%2CN%3Bworkflow%2C12.0.0%2CN%3Blists%2C12.0.0%2CN%3Bmail%2C12.0.0%2CN%3Bcompression%2C11.0.0%2CN%3Badvertising%2C12.0.0%2CN%3Bsupport%2C11.5.2%2CN%3Bsocialnetwork%2C12.0.3%2CN%3Bfileman%2C12.0.3%2CN%3Bform%2C12.0.0%2CN%3Bim%2C12.1.1%2CN%3Bsale%2C12.0.2%2CN%3Bbitrix.eshop%2C12.0.0%2CN%3Bblog%2C12.0.0%2CN%3Breport%2C12.0.1%2CN%3Bsearch%2C12.0.0%2CN%3Bbitrix.sitecommunity%2C12.0.0%2CN%3Bbitrix.siteinfoportal%2C12.0.0%2CN%3Blearning%2C12.0.4%2CN%3Bbitrix.sitecorporate%2C12.0.0%2CN%3Bbizproc%2C12.0.2%2CN%3Bwiki%2C12.0.0%2CN%3Bbitrix.sitepersonal%2C12.0.0%2CN%3Bsecurity%2C12.0.5%2CN%3Bcurrency%2C12.0.0%2CN%3Bperfmon%2C12.0.2%2CN&reqm=beono.mastercomponent&lim=Y
2013-02-25 19:06:29 -  - exec CUpdateClientPartner::GetHTTPPage
2013-02-25 19:06:29 -  - TIME LoadModulesUpdates(request) 0.555 sec
2013-02-25 19:06:29 -  - exec CUpdateClientPartner::ParseServerData
2013-02-25 19:06:29 - LMU01 - LoadModulesUpdates-Step
2013-02-25 19:06:30 -  - exec CUpdateClientPartner::LoadModulesUpdates
2013-02-25 19:06:30 -  - exec CUpdateClientPartner::__CollectRequestData
2013-02-25 19:06:30 -  - exec CUpdateClientPartner::ParseServerData
2013-02-25 19:06:30 - DOWNLOAD - Time - 0.4258420467 sec
2013-02-25 19:06:30 -  - exec CUpdateClientPartner::UnGzipArchive
2013-02-25 19:06:30 -  - TIME UnGzipArchive 0.007 sec
2013-02-25 19:06:30 - CSURUS1 - Run updater '/bitrix/updates/update_m1361804790/beono.mastercomponent/updater1.0.5.php'
2013-02-25 19:06:30 -  - TIME UpdateStepModules 0.093 sec
2013-02-25 19:06:30 - UPD_SUCCESS - Updated: beono.mastercomponent (1.0.5)<br><li>Добавление кнопки в панель публичной части перенесено на событие OnPanelCreate
2013-02-25 19:06:31 -  - exec CUpdateClientPartner::LoadModulesUpdates
2013-02-25 19:06:31 -  - exec CUpdateClientPartner::__CollectRequestData
2013-02-25 19:06:31 -  - utf=Y&lang=ru&stable=Y&CANGZIP=Y&SUPD_DBS=MYSQL&XE=N&CLIENT_SITE=62.76.184.62&LICENSE_KEY=X&SUPD_STS=1&SUPD_URS=0&SUPD_URSA=2&TYPENC=D&CLIENT_PHPVER=5.3.14&dbv=5.1.66&instm=main%2C12.0.6%2CY%3Bclouds%2C12.0.2%2CN%3Bforum%2C12.0.1%2CN%3Bstatistic%2C12.0.1%2CN%3Bvote%2C12.0.4%2CN%3Btranslate%2C12.0.0%2CN%3Bbizprocdesigner%2C12.0.0%2CN%3Bcatalog%2C12.0.8%2CN%3Bcalendar%2C12.0.3%2CN%3Biblock%2C12.0.3%2CN%3Bsubscribe%2C12.0.1%2CN%3Bidea%2C11.5.1%2CN%3Bseo%2C11.5.0%2CN%3Bwebservice%2C11.5.0%2CN%3Bsocialservices%2C12.0.3%2CN%3Bphotogallery%2C12.0.1%2CN%3Bbitrixcloud%2C12.0.4%2CN%3Bbeono.mastercomponent%2C1.0.5%2CN%3Bworkflow%2C12.0.0%2CN%3Blists%2C12.0.0%2CN%3Bmail%2C12.0.0%2CN%3Bcompression%2C11.0.0%2CN%3Badvertising%2C12.0.0%2CN%3Bsupport%2C11.5.2%2CN%3Bsocialnetwork%2C12.0.3%2CN%3Bfileman%2C12.0.3%2CN%3Bform%2C12.0.0%2CN%3Bim%2C12.1.1%2CN%3Bsale%2C12.0.2%2CN%3Bbitrix.eshop%2C12.0.0%2CN%3Bblog%2C12.0.0%2CN%3Breport%2C12.0.1%2CN%3Bsearch%2C12.0.0%2CN%3Bbitrix.sitecommunity%2C12.0.0%2CN%3Bbitrix.siteinfoportal%2C12.0.0%2CN%3Blearning%2C12.0.4%2CN%3Bbitrix.sitecorporate%2C12.0.0%2CN%3Bbizproc%2C12.0.2%2CN%3Bwiki%2C12.0.0%2CN%3Bbitrix.sitepersonal%2C12.0.0%2CN%3Bsecurity%2C12.0.5%2CN%3Bcurrency%2C12.0.0%2CN%3Bperfmon%2C12.0.2%2CN&reqm=beono.mastercomponent&lim=Y
2013-02-25 19:06:31 -  - exec CUpdateClientPartner::GetHTTPPage
2013-02-25 19:06:31 -  - TIME LoadModulesUpdates(request) 0.277 sec
2013-02-25 19:06:31 -  - exec CUpdateClientPartner::ParseServerData
2013-02-25 19:06:31 - STEP - Finish - NOUPDATES
2013-02-25 19:06:31 - STEP - Finish - NOUPDATES
2013-02-25 19:06:37 -  - exec CUpdateClientPartner::GetUpdatesList
2013-02-25 19:06:37 -  - exec CUpdateClientPartner::__CollectRequestData
2013-02-25 19:06:37 -  - utf=Y&lang=ru&stable=Y&CANGZIP=Y&SUPD_DBS=MYSQL&XE=N&CLIENT_SITE=62.76.184.62&LICENSE_KEY=X&SUPD_STS=1&SUPD_URS=0&SUPD_URSA=2&TYPENC=D&CLIENT_PHPVER=5.3.14&dbv=5.1.66&instm=main%2C12.0.6%2CY%3Bclouds%2C12.0.2%2CN%3Bforum%2C12.0.1%2CN%3Bstatistic%2C12.0.1%2CN%3Bvote%2C12.0.4%2CN%3Btranslate%2C12.0.0%2CN%3Bbizprocdesigner%2C12.0.0%2CN%3Bcatalog%2C12.0.8%2CN%3Bcalendar%2C12.0.3%2CN%3Biblock%2C12.0.3%2CN%3Bsubscribe%2C12.0.1%2CN%3Bidea%2C11.5.1%2CN%3Bseo%2C11.5.0%2CN%3Bwebservice%2C11.5.0%2CN%3Bsocialservices%2C12.0.3%2CN%3Bphotogallery%2C12.0.1%2CN%3Bbitrixcloud%2C12.0.4%2CN%3Bbeono.mastercomponent%2C1.0.5%2CN%3Bworkflow%2C12.0.0%2CN%3Blists%2C12.0.0%2CN%3Bmail%2C12.0.0%2CN%3Bcompression%2C11.0.0%2CN%3Badvertising%2C12.0.0%2CN%3Bsupport%2C11.5.2%2CN%3Bsocialnetwork%2C12.0.3%2CN%3Bfileman%2C12.0.3%2CN%3Bform%2C12.0.0%2CN%3Bim%2C12.1.1%2CN%3Bsale%2C12.0.2%2CN%3Bbitrix.eshop%2C12.0.0%2CN%3Bblog%2C12.0.0%2CN%3Breport%2C12.0.1%2CN%3Bsearch%2C12.0.0%2CN%3Bbitrix.sitecommunity%2C12.0.0%2CN%3Bbitrix.siteinfoportal%2C12.0.0%2CN%3Blearning%2C12.0.4%2CN%3Bbitrix.sitecorporate%2C12.0.0%2CN%3Bbizproc%2C12.0.2%2CN%3Bwiki%2C12.0.0%2CN%3Bbitrix.sitepersonal%2C12.0.0%2CN%3Bsecurity%2C12.0.5%2CN%3Bcurrency%2C12.0.0%2CN%3Bperfmon%2C12.0.2%2CN&reqm=beono.mastercomponent%2Cbitrix.eshop%2Cbitrix.sitecommunity%2Cbitrix.siteinfoportal%2Cbitrix.sitecorporate%2Cbitrix.sitepersonal&fullmoduleinfo=Y
2013-02-25 19:06:37 -  - exec CUpdateClientPartner::GetHTTPPage
2013-02-25 19:06:37 -  - TIME GetUpdatesList(request) 0.591 sec
2013-02-25 19:06:37 -  - exec CUpdateClientPartner::ParseServerData
2013-02-25 19:06:41 -  - exec CUpdateClientPartner::GetUpdatesList
2013-02-25 19:06:41 -  - exec CUpdateClientPartner::__CollectRequestData
2013-02-25 19:06:41 -  - utf=Y&lang=ru&stable=Y&CANGZIP=Y&SUPD_DBS=MYSQL&XE=N&CLIENT_SITE=62.76.184.62&LICENSE_KEY=X&SUPD_STS=1&SUPD_URS=0&SUPD_URSA=2&TYPENC=D&CLIENT_PHPVER=5.3.14&dbv=5.1.66&instm=main%2C12.0.6%2CY%3Bclouds%2C12.0.2%2CN%3Bforum%2C12.0.1%2CN%3Bstatistic%2C12.0.1%2CN%3Bvote%2C12.0.4%2CN%3Btranslate%2C12.0.0%2CN%3Bbizprocdesigner%2C12.0.0%2CN%3Bcatalog%2C12.0.8%2CN%3Bcalendar%2C12.0.3%2CN%3Biblock%2C12.0.3%2CN%3Bsubscribe%2C12.0.1%2CN%3Bidea%2C11.5.1%2CN%3Bseo%2C11.5.0%2CN%3Bwebservice%2C11.5.0%2CN%3Bsocialservices%2C12.0.3%2CN%3Bphotogallery%2C12.0.1%2CN%3Bbitrixcloud%2C12.0.4%2CN%3Bbeono.mastercomponent%2C1.0.5%2CN%3Bworkflow%2C12.0.0%2CN%3Blists%2C12.0.0%2CN%3Bmail%2C12.0.0%2CN%3Bcompression%2C11.0.0%2CN%3Badvertising%2C12.0.0%2CN%3Bsupport%2C11.5.2%2CN%3Bsocialnetwork%2C12.0.3%2CN%3Bfileman%2C12.0.3%2CN%3Bform%2C12.0.0%2CN%3Bim%2C12.1.1%2CN%3Bsale%2C12.0.2%2CN%3Bbitrix.eshop%2C12.0.0%2CN%3Bblog%2C12.0.0%2CN%3Breport%2C12.0.1%2CN%3Bsearch%2C12.0.0%2CN%3Bbitrix.sitecommunity%2C12.0.0%2CN%3Bbitrix.siteinfoportal%2C12.0.0%2CN%3Blearning%2C12.0.4%2CN%3Bbitrix.sitecorporate%2C12.0.0%2CN%3Bbizproc%2C12.0.2%2CN%3Bwiki%2C12.0.0%2CN%3Bbitrix.sitepersonal%2C12.0.0%2CN%3Bsecurity%2C12.0.5%2CN%3Bcurrency%2C12.0.0%2CN%3Bperfmon%2C12.0.2%2CN&reqm=beono.mastercomponent%2Cbitrix.eshop%2Cbitrix.sitecommunity%2Cbitrix.siteinfoportal%2Cbitrix.sitecorporate%2Cbitrix.sitepersonal&fullmoduleinfo=Y
2013-02-25 19:06:41 -  - exec CUpdateClientPartner::GetHTTPPage
2013-02-25 19:06:42 -  - TIME GetUpdatesList(request) 0.639 sec
2013-02-25 19:06:42 -  - exec CUpdateClientPartner::ParseServerData
2013-02-25 19:06:59 -  - exec CUpdateClientPartner::GetUpdatesList
2013-02-25 19:06:59 -  - exec CUpdateClientPartner::__CollectRequestData
2013-02-25 19:06:59 -  - utf=Y&lang=ru&stable=Y&CANGZIP=Y&SUPD_DBS=MYSQL&XE=N&CLIENT_SITE=62.76.184.62&LICENSE_KEY=X&SUPD_STS=1&SUPD_URS=0&SUPD_URSA=2&TYPENC=D&CLIENT_PHPVER=5.3.14&dbv=5.1.66&instm=main%2C12.0.6%2CY%3Bclouds%2C12.0.2%2CN%3Bforum%2C12.0.1%2CN%3Bstatistic%2C12.0.1%2CN%3Bvote%2C12.0.4%2CN%3Btranslate%2C12.0.0%2CN%3Bbizprocdesigner%2C12.0.0%2CN%3Bcatalog%2C12.0.8%2CN%3Bcalendar%2C12.0.3%2CN%3Biblock%2C12.0.3%2CN%3Bsubscribe%2C12.0.1%2CN%3Bidea%2C11.5.1%2CN%3Bseo%2C11.5.0%2CN%3Bwebservice%2C11.5.0%2CN%3Bsocialservices%2C12.0.3%2CN%3Bphotogallery%2C12.0.1%2CN%3Bbitrixcloud%2C12.0.4%2CN%3Bbeono.mastercomponent%2C1.0.5%2CN%3Bworkflow%2C12.0.0%2CN%3Blists%2C12.0.0%2CN%3Bmail%2C12.0.0%2CN%3Bcompression%2C11.0.0%2CN%3Badvertising%2C12.0.0%2CN%3Bsupport%2C11.5.2%2CN%3Bsocialnetwork%2C12.0.3%2CN%3Bfileman%2C12.0.3%2CN%3Bform%2C12.0.0%2CN%3Bim%2C12.1.1%2CN%3Bsale%2C12.0.2%2CN%3Bbitrix.eshop%2C12.0.0%2CN%3Bblog%2C12.0.0%2CN%3Breport%2C12.0.1%2CN%3Bsearch%2C12.0.0%2CN%3Bbitrix.sitecommunity%2C12.0.0%2CN%3Bbitrix.siteinfoportal%2C12.0.0%2CN%3Blearning%2C12.0.4%2CN%3Bbitrix.sitecorporate%2C12.0.0%2CN%3Bbizproc%2C12.0.2%2CN%3Bwiki%2C12.0.0%2CN%3Bbitrix.sitepersonal%2C12.0.0%2CN%3Bsecurity%2C12.0.5%2CN%3Bcurrency%2C12.0.0%2CN%3Bperfmon%2C12.0.2%2CN&reqm=beono.mastercomponent%2Cbitrix.eshop%2Cbitrix.sitecommunity%2Cbitrix.siteinfoportal%2Cbitrix.sitecorporate%2Cbitrix.sitepersonal&fullmoduleinfo=Y
2013-02-25 19:06:59 -  - exec CUpdateClientPartner::GetHTTPPage
2013-02-25 19:07:00 -  - TIME GetUpdatesList(request) 0.613 sec
2013-02-25 19:07:00 -  - exec CUpdateClientPartner::ParseServerData
2013-02-25 19:07:33 -  - exec CUpdateClientPartner::GetUpdatesList
2013-02-25 19:07:33 -  - exec CUpdateClientPartner::__CollectRequestData
2013-02-25 19:07:33 -  - utf=Y&lang=ru&stable=Y&CANGZIP=Y&SUPD_DBS=MYSQL&XE=N&CLIENT_SITE=62.76.184.62&LICENSE_KEY=X&SUPD_STS=1&SUPD_URS=0&SUPD_URSA=2&TYPENC=D&CLIENT_PHPVER=5.3.14&dbv=5.1.66&instm=main%2C12.0.6%2CY%3Bclouds%2C12.0.2%2CN%3Bforum%2C12.0.1%2CN%3Bstatistic%2C12.0.1%2CN%3Bvote%2C12.0.4%2CN%3Btranslate%2C12.0.0%2CN%3Bbizprocdesigner%2C12.0.0%2CN%3Bcatalog%2C12.0.8%2CN%3Bcalendar%2C12.0.3%2CN%3Biblock%2C12.0.3%2CN%3Bsubscribe%2C12.0.1%2CN%3Bidea%2C11.5.1%2CN%3Bseo%2C11.5.0%2CN%3Bwebservice%2C11.5.0%2CN%3Bsocialservices%2C12.0.3%2CN%3Bphotogallery%2C12.0.1%2CN%3Bbitrixcloud%2C12.0.4%2CN%3Bbeono.mastercomponent%2C1.0.5%2CN%3Bworkflow%2C12.0.0%2CN%3Blists%2C12.0.0%2CN%3Bmail%2C12.0.0%2CN%3Bcompression%2C11.0.0%2CN%3Badvertising%2C12.0.0%2CN%3Bsupport%2C11.5.2%2CN%3Bsocialnetwork%2C12.0.3%2CN%3Bfileman%2C12.0.3%2CN%3Bform%2C12.0.0%2CN%3Bim%2C12.1.1%2CN%3Bsale%2C12.0.2%2CN%3Bbitrix.eshop%2C12.0.0%2CN%3Bblog%2C12.0.0%2CN%3Breport%2C12.0.1%2CN%3Bsearch%2C12.0.0%2CN%3Bbitrix.sitecommunity%2C12.0.0%2CN%3Bbitrix.siteinfoportal%2C12.0.0%2CN%3Blearning%2C12.0.4%2CN%3Bbitrix.sitecorporate%2C12.0.0%2CN%3Bbizproc%2C12.0.2%2CN%3Bwiki%2C12.0.0%2CN%3Bbitrix.sitepersonal%2C12.0.0%2CN%3Bsecurity%2C12.0.5%2CN%3Bcurrency%2C12.0.0%2CN%3Bperfmon%2C12.0.2%2CN&reqm=beono.mastercomponent%2Cbitrix.eshop%2Cbitrix.sitecommunity%2Cbitrix.siteinfoportal%2Cbitrix.sitecorporate%2Cbitrix.sitepersonal&fullmoduleinfo=Y
2013-02-25 19:07:33 -  - exec CUpdateClientPartner::GetHTTPPage
2013-02-25 19:07:34 -  - TIME GetUpdatesList(request) 0.692 sec
2013-02-25 19:07:34 -  - exec CUpdateClientPartner::ParseServerData
2013-02-25 19:17:58 -  - exec CUpdateClientPartner::GetUpdatesList
2013-02-25 19:17:58 -  - exec CUpdateClientPartner::__CollectRequestData
2013-02-25 19:17:58 -  - utf=Y&lang=ru&stable=Y&CANGZIP=Y&SUPD_DBS=MYSQL&XE=N&CLIENT_SITE=62.76.184.62&LICENSE_KEY=X&SUPD_STS=1&SUPD_URS=0&SUPD_URSA=2&TYPENC=D&CLIENT_PHPVER=5.3.14&dbv=5.1.66&instm=main%2C12.0.6%2CY%3Bclouds%2C12.0.2%2CN%3Bforum%2C12.0.1%2CN%3Bstatistic%2C12.0.1%2CN%3Bvote%2C12.0.4%2CN%3Btranslate%2C12.0.0%2CN%3Bbizprocdesigner%2C12.0.0%2CN%3Bcatalog%2C12.0.8%2CN%3Bcalendar%2C12.0.3%2CN%3Biblock%2C12.0.3%2CN%3Bsubscribe%2C12.0.1%2CN%3Bidea%2C11.5.1%2CN%3Bseo%2C11.5.0%2CN%3Bwebservice%2C11.5.0%2CN%3Bsocialservices%2C12.0.3%2CN%3Bphotogallery%2C12.0.1%2CN%3Bbitrixcloud%2C12.0.4%2CN%3Bbeono.mastercomponent%2C1.0.5%2CN%3Bworkflow%2C12.0.0%2CN%3Blists%2C12.0.0%2CN%3Bmail%2C12.0.0%2CN%3Bcompression%2C11.0.0%2CN%3Badvertising%2C12.0.0%2CN%3Bsupport%2C11.5.2%2CN%3Bsocialnetwork%2C12.0.3%2CN%3Bfileman%2C12.0.3%2CN%3Bform%2C12.0.0%2CN%3Bim%2C12.1.1%2CN%3Bsale%2C12.0.2%2CN%3Bbitrix.eshop%2C12.0.0%2CN%3Bblog%2C12.0.0%2CN%3Breport%2C12.0.1%2CN%3Bsearch%2C12.0.0%2CN%3Bbitrix.sitecommunity%2C12.0.0%2CN%3Bbitrix.siteinfoportal%2C12.0.0%2CN%3Blearning%2C12.0.4%2CN%3Bbitrix.sitecorporate%2C12.0.0%2CN%3Bbizproc%2C12.0.2%2CN%3Bwiki%2C12.0.0%2CN%3Bbitrix.sitepersonal%2C12.0.0%2CN%3Bsecurity%2C12.0.5%2CN%3Bcurrency%2C12.0.0%2CN%3Bperfmon%2C12.0.2%2CN&reqm=beono.mastercomponent%2Cbitrix.eshop%2Cbitrix.sitecommunity%2Cbitrix.siteinfoportal%2Cbitrix.sitecorporate%2Cbitrix.sitepersonal&fullmoduleinfo=Y
2013-02-25 19:17:58 -  - exec CUpdateClientPartner::GetHTTPPage
2013-02-25 19:17:59 -  - TIME GetUpdatesList(request) 0.796 sec
2013-02-25 19:17:59 -  - exec CUpdateClientPartner::ParseServerData
2013-02-26 19:48:36 -  - exec CUpdateClientPartner::GetUpdatesList
2013-02-26 19:48:36 -  - exec CUpdateClientPartner::__CollectRequestData
2013-02-26 19:48:36 -  - utf=Y&lang=ru&stable=Y&CANGZIP=Y&SUPD_DBS=MYSQL&XE=N&CLIENT_SITE=62.76.184.62&LICENSE_KEY=X&SUPD_STS=1&SUPD_URS=0&SUPD_URSA=2&TYPENC=D&CLIENT_PHPVER=5.3.14&dbv=5.1.66&instm=main%2C12.0.6%2CY%3Bclouds%2C12.0.2%2CN%3Bforum%2C12.0.1%2CN%3Bstatistic%2C12.0.1%2CN%3Bvote%2C12.0.4%2CN%3Btranslate%2C12.0.0%2CN%3Bbizprocdesigner%2C12.0.0%2CN%3Bcatalog%2C12.0.8%2CN%3Bcalendar%2C12.0.3%2CN%3Biblock%2C12.0.3%2CN%3Bsubscribe%2C12.0.1%2CN%3Bidea%2C11.5.1%2CN%3Bseo%2C11.5.0%2CN%3Bwebservice%2C11.5.0%2CN%3Bsocialservices%2C12.0.3%2CN%3Bphotogallery%2C12.0.1%2CN%3Bbitrixcloud%2C12.0.4%2CN%3Bbeono.mastercomponent%2C1.0.5%2CN%3Bworkflow%2C12.0.0%2CN%3Blists%2C12.0.0%2CN%3Bmail%2C12.0.0%2CN%3Bcompression%2C11.0.0%2CN%3Badvertising%2C12.0.0%2CN%3Bsupport%2C11.5.2%2CN%3Bsocialnetwork%2C12.0.3%2CN%3Bfileman%2C12.0.3%2CN%3Bform%2C12.0.0%2CN%3Bim%2C12.1.1%2CN%3Bsale%2C12.0.2%2CN%3Bbitrix.eshop%2C12.0.0%2CN%3Bblog%2C12.0.0%2CN%3Breport%2C12.0.1%2CN%3Bsearch%2C12.0.0%2CN%3Bbitrix.sitecommunity%2C12.0.0%2CN%3Bbitrix.siteinfoportal%2C12.0.0%2CN%3Blearning%2C12.0.4%2CN%3Bbitrix.sitecorporate%2C12.0.0%2CN%3Bbizproc%2C12.0.2%2CN%3Bwiki%2C12.0.0%2CN%3Bbitrix.sitepersonal%2C12.0.0%2CN%3Bsecurity%2C12.0.5%2CN%3Bcurrency%2C12.0.0%2CN%3Bperfmon%2C12.0.2%2CN&reqm=beono.mastercomponent%2Cbitrix.eshop%2Cbitrix.sitecommunity%2Cbitrix.siteinfoportal%2Cbitrix.sitecorporate%2Cbitrix.sitepersonal%2Cimyie.littleadmin
2013-02-26 19:48:36 -  - exec CUpdateClientPartner::GetHTTPPage
2013-02-26 19:48:37 -  - TIME GetUpdatesList(request) 0.834 sec
2013-02-26 19:48:37 -  - exec CUpdateClientPartner::ParseServerData
2013-02-26 19:48:59 -  - exec CUpdateClientPartner::LoadModulesUpdates
2013-02-26 19:48:59 -  - exec CUpdateClientPartner::__CollectRequestData
2013-02-26 19:48:59 -  - utf=Y&lang=ru&stable=Y&CANGZIP=Y&SUPD_DBS=MYSQL&XE=N&CLIENT_SITE=62.76.184.62&LICENSE_KEY=X&SUPD_STS=1&SUPD_URS=0&SUPD_URSA=2&TYPENC=D&CLIENT_PHPVER=5.3.14&dbv=5.1.66&instm=main%2C12.0.6%2CY%3Bclouds%2C12.0.2%2CN%3Bforum%2C12.0.1%2CN%3Bstatistic%2C12.0.1%2CN%3Bvote%2C12.0.4%2CN%3Btranslate%2C12.0.0%2CN%3Bbizprocdesigner%2C12.0.0%2CN%3Bcatalog%2C12.0.8%2CN%3Bcalendar%2C12.0.3%2CN%3Biblock%2C12.0.3%2CN%3Bsubscribe%2C12.0.1%2CN%3Bidea%2C11.5.1%2CN%3Bseo%2C11.5.0%2CN%3Bwebservice%2C11.5.0%2CN%3Bsocialservices%2C12.0.3%2CN%3Bphotogallery%2C12.0.1%2CN%3Bbitrixcloud%2C12.0.4%2CN%3Bbeono.mastercomponent%2C1.0.5%2CN%3Bworkflow%2C12.0.0%2CN%3Blists%2C12.0.0%2CN%3Bmail%2C12.0.0%2CN%3Bcompression%2C11.0.0%2CN%3Badvertising%2C12.0.0%2CN%3Bsupport%2C11.5.2%2CN%3Bsocialnetwork%2C12.0.3%2CN%3Bfileman%2C12.0.3%2CN%3Bform%2C12.0.0%2CN%3Bim%2C12.1.1%2CN%3Bsale%2C12.0.2%2CN%3Bbitrix.eshop%2C12.0.0%2CN%3Bblog%2C12.0.0%2CN%3Breport%2C12.0.1%2CN%3Bsearch%2C12.0.0%2CN%3Bbitrix.sitecommunity%2C12.0.0%2CN%3Bbitrix.siteinfoportal%2C12.0.0%2CN%3Blearning%2C12.0.4%2CN%3Bbitrix.sitecorporate%2C12.0.0%2CN%3Bbizproc%2C12.0.2%2CN%3Bwiki%2C12.0.0%2CN%3Bbitrix.sitepersonal%2C12.0.0%2CN%3Bsecurity%2C12.0.5%2CN%3Bcurrency%2C12.0.0%2CN%3Bperfmon%2C12.0.2%2CN&reqm=imyie.littleadmin&lim=Y
2013-02-26 19:48:59 -  - exec CUpdateClientPartner::GetHTTPPage
2013-02-26 19:49:00 -  - TIME LoadModulesUpdates(request) 0.714 sec
2013-02-26 19:49:00 -  - exec CUpdateClientPartner::ParseServerData
2013-02-26 19:49:00 - LMU01 - LoadModulesUpdates-Step
2013-02-26 19:49:01 -  - exec CUpdateClientPartner::LoadModulesUpdates
2013-02-26 19:49:01 -  - exec CUpdateClientPartner::__CollectRequestData
2013-02-26 19:49:01 -  - exec CUpdateClientPartner::ParseServerData
2013-02-26 19:49:01 - DOWNLOAD - Time - 0.516851902 sec
2013-02-26 19:49:01 -  - exec CUpdateClientPartner::UnGzipArchive
2013-02-26 19:49:01 -  - TIME UnGzipArchive 0.004 sec
2013-02-26 19:49:01 -  - TIME UpdateStepModules 0.008 sec
2013-02-26 19:49:01 - UPD_SUCCESS - Updated: imyie.littleadmin
2013-02-26 19:49:02 -  - exec CUpdateClientPartner::LoadModulesUpdates
2013-02-26 19:49:02 -  - exec CUpdateClientPartner::__CollectRequestData
2013-02-26 19:49:02 -  - utf=Y&lang=ru&stable=Y&CANGZIP=Y&SUPD_DBS=MYSQL&XE=N&CLIENT_SITE=62.76.184.62&LICENSE_KEY=X&SUPD_STS=1&SUPD_URS=0&SUPD_URSA=2&TYPENC=D&CLIENT_PHPVER=5.3.14&dbv=5.1.66&instm=main%2C12.0.6%2CY%3Bclouds%2C12.0.2%2CN%3Bforum%2C12.0.1%2CN%3Bstatistic%2C12.0.1%2CN%3Bvote%2C12.0.4%2CN%3Btranslate%2C12.0.0%2CN%3Bbizprocdesigner%2C12.0.0%2CN%3Bcatalog%2C12.0.8%2CN%3Bcalendar%2C12.0.3%2CN%3Biblock%2C12.0.3%2CN%3Bsubscribe%2C12.0.1%2CN%3Bidea%2C11.5.1%2CN%3Bseo%2C11.5.0%2CN%3Bwebservice%2C11.5.0%2CN%3Bsocialservices%2C12.0.3%2CN%3Bphotogallery%2C12.0.1%2CN%3Bbitrixcloud%2C12.0.4%2CN%3Bbeono.mastercomponent%2C1.0.5%2CN%3Bworkflow%2C12.0.0%2CN%3Blists%2C12.0.0%2CN%3Bmail%2C12.0.0%2CN%3Bcompression%2C11.0.0%2CN%3Badvertising%2C12.0.0%2CN%3Bsupport%2C11.5.2%2CN%3Bsocialnetwork%2C12.0.3%2CN%3Bfileman%2C12.0.3%2CN%3Bform%2C12.0.0%2CN%3Bim%2C12.1.1%2CN%3Bimyie.littleadmin%2C1.0.0%2CN%3Bsale%2C12.0.2%2CN%3Bbitrix.eshop%2C12.0.0%2CN%3Bblog%2C12.0.0%2CN%3Breport%2C12.0.1%2CN%3Bsearch%2C12.0.0%2CN%3Bbitrix.sitecommunity%2C12.0.0%2CN%3Bbitrix.siteinfoportal%2C12.0.0%2CN%3Blearning%2C12.0.4%2CN%3Bbitrix.sitecorporate%2C12.0.0%2CN%3Bbizproc%2C12.0.2%2CN%3Bwiki%2C12.0.0%2CN%3Bbitrix.sitepersonal%2C12.0.0%2CN%3Bsecurity%2C12.0.5%2CN%3Bcurrency%2C12.0.0%2CN%3Bperfmon%2C12.0.2%2CN&reqm=imyie.littleadmin&lim=Y
2013-02-26 19:49:02 -  - exec CUpdateClientPartner::GetHTTPPage
2013-02-26 19:49:03 -  - TIME LoadModulesUpdates(request) 0.318 sec
2013-02-26 19:49:03 -  - exec CUpdateClientPartner::ParseServerData
2013-02-26 19:49:03 - LMU01 - LoadModulesUpdates-Step
2013-02-26 19:49:03 -  - exec CUpdateClientPartner::LoadModulesUpdates
2013-02-26 19:49:03 -  - exec CUpdateClientPartner::__CollectRequestData
2013-02-26 19:49:03 -  - exec CUpdateClientPartner::ParseServerData
2013-02-26 19:49:04 - DOWNLOAD - Time - 0.6792778969 sec
2013-02-26 19:49:04 -  - exec CUpdateClientPartner::UnGzipArchive
2013-02-26 19:49:04 -  - TIME UnGzipArchive 0.002 sec
2013-02-26 19:49:04 - CSURUS1 - Run updater '/bitrix/updates/update_m1361893744/imyie.littleadmin/updater1.0.1.php'
2013-02-26 19:49:04 -  - TIME UpdateStepModules 0.003 sec
2013-02-26 19:49:04 - UPD_SUCCESS - Updated: imyie.littleadmin (1.0.1)<br>* Исправлен некорретный отступ в админке, под горизонтальной панельзю
2013-02-26 19:49:05 -  - exec CUpdateClientPartner::LoadModulesUpdates
2013-02-26 19:49:05 -  - exec CUpdateClientPartner::__CollectRequestData
2013-02-26 19:49:05 -  - utf=Y&lang=ru&stable=Y&CANGZIP=Y&SUPD_DBS=MYSQL&XE=N&CLIENT_SITE=62.76.184.62&LICENSE_KEY=X&SUPD_STS=1&SUPD_URS=0&SUPD_URSA=2&TYPENC=D&CLIENT_PHPVER=5.3.14&dbv=5.1.66&instm=main%2C12.0.6%2CY%3Bclouds%2C12.0.2%2CN%3Bforum%2C12.0.1%2CN%3Bstatistic%2C12.0.1%2CN%3Bvote%2C12.0.4%2CN%3Btranslate%2C12.0.0%2CN%3Bbizprocdesigner%2C12.0.0%2CN%3Bcatalog%2C12.0.8%2CN%3Bcalendar%2C12.0.3%2CN%3Biblock%2C12.0.3%2CN%3Bsubscribe%2C12.0.1%2CN%3Bidea%2C11.5.1%2CN%3Bseo%2C11.5.0%2CN%3Bwebservice%2C11.5.0%2CN%3Bsocialservices%2C12.0.3%2CN%3Bphotogallery%2C12.0.1%2CN%3Bbitrixcloud%2C12.0.4%2CN%3Bbeono.mastercomponent%2C1.0.5%2CN%3Bworkflow%2C12.0.0%2CN%3Blists%2C12.0.0%2CN%3Bmail%2C12.0.0%2CN%3Bcompression%2C11.0.0%2CN%3Badvertising%2C12.0.0%2CN%3Bsupport%2C11.5.2%2CN%3Bsocialnetwork%2C12.0.3%2CN%3Bfileman%2C12.0.3%2CN%3Bform%2C12.0.0%2CN%3Bim%2C12.1.1%2CN%3Bimyie.littleadmin%2C1.0.1%2CN%3Bsale%2C12.0.2%2CN%3Bbitrix.eshop%2C12.0.0%2CN%3Bblog%2C12.0.0%2CN%3Breport%2C12.0.1%2CN%3Bsearch%2C12.0.0%2CN%3Bbitrix.sitecommunity%2C12.0.0%2CN%3Bbitrix.siteinfoportal%2C12.0.0%2CN%3Blearning%2C12.0.4%2CN%3Bbitrix.sitecorporate%2C12.0.0%2CN%3Bbizproc%2C12.0.2%2CN%3Bwiki%2C12.0.0%2CN%3Bbitrix.sitepersonal%2C12.0.0%2CN%3Bsecurity%2C12.0.5%2CN%3Bcurrency%2C12.0.0%2CN%3Bperfmon%2C12.0.2%2CN&reqm=imyie.littleadmin&lim=Y
2013-02-26 19:49:05 -  - exec CUpdateClientPartner::GetHTTPPage
2013-02-26 19:49:05 -  - TIME LoadModulesUpdates(request) 0.359 sec
2013-02-26 19:49:05 -  - exec CUpdateClientPartner::ParseServerData
2013-02-26 19:49:05 - LMU01 - LoadModulesUpdates-Step
2013-02-26 19:49:06 -  - exec CUpdateClientPartner::LoadModulesUpdates
2013-02-26 19:49:06 -  - exec CUpdateClientPartner::__CollectRequestData
2013-02-26 19:49:06 -  - exec CUpdateClientPartner::ParseServerData
2013-02-26 19:49:06 - DOWNLOAD - Time - 0.3746480942 sec
2013-02-26 19:49:06 -  - exec CUpdateClientPartner::UnGzipArchive
2013-02-26 19:49:06 -  - TIME UnGzipArchive 0.003 sec
2013-02-26 19:49:06 - CSURUS1 - Run updater '/bitrix/updates/update_m1361893746/imyie.littleadmin/updater1.1.0.php'
2013-02-26 19:49:06 -  - TIME UpdateStepModules 0.006 sec
2013-02-26 19:49:06 - UPD_SUCCESS - Updated: imyie.littleadmin (1.1.0)<br>* Упрощаем жизнь контент-менеджеру: на страницу отображения элементова инфоблока добавлены 2 кнопки: \"Добавить элемент\" и \"Добавить раздел\" (не в всплывающем окошке)
2013-02-26 19:49:07 -  - exec CUpdateClientPartner::LoadModulesUpdates
2013-02-26 19:49:07 -  - exec CUpdateClientPartner::__CollectRequestData
2013-02-26 19:49:07 -  - utf=Y&lang=ru&stable=Y&CANGZIP=Y&SUPD_DBS=MYSQL&XE=N&CLIENT_SITE=62.76.184.62&LICENSE_KEY=X&SUPD_STS=1&SUPD_URS=0&SUPD_URSA=2&TYPENC=D&CLIENT_PHPVER=5.3.14&dbv=5.1.66&instm=main%2C12.0.6%2CY%3Bclouds%2C12.0.2%2CN%3Bforum%2C12.0.1%2CN%3Bstatistic%2C12.0.1%2CN%3Bvote%2C12.0.4%2CN%3Btranslate%2C12.0.0%2CN%3Bbizprocdesigner%2C12.0.0%2CN%3Bcatalog%2C12.0.8%2CN%3Bcalendar%2C12.0.3%2CN%3Biblock%2C12.0.3%2CN%3Bsubscribe%2C12.0.1%2CN%3Bidea%2C11.5.1%2CN%3Bseo%2C11.5.0%2CN%3Bwebservice%2C11.5.0%2CN%3Bsocialservices%2C12.0.3%2CN%3Bphotogallery%2C12.0.1%2CN%3Bbitrixcloud%2C12.0.4%2CN%3Bbeono.mastercomponent%2C1.0.5%2CN%3Bworkflow%2C12.0.0%2CN%3Blists%2C12.0.0%2CN%3Bmail%2C12.0.0%2CN%3Bcompression%2C11.0.0%2CN%3Badvertising%2C12.0.0%2CN%3Bsupport%2C11.5.2%2CN%3Bsocialnetwork%2C12.0.3%2CN%3Bfileman%2C12.0.3%2CN%3Bform%2C12.0.0%2CN%3Bim%2C12.1.1%2CN%3Bimyie.littleadmin%2C1.1.0%2CN%3Bsale%2C12.0.2%2CN%3Bbitrix.eshop%2C12.0.0%2CN%3Bblog%2C12.0.0%2CN%3Breport%2C12.0.1%2CN%3Bsearch%2C12.0.0%2CN%3Bbitrix.sitecommunity%2C12.0.0%2CN%3Bbitrix.siteinfoportal%2C12.0.0%2CN%3Blearning%2C12.0.4%2CN%3Bbitrix.sitecorporate%2C12.0.0%2CN%3Bbizproc%2C12.0.2%2CN%3Bwiki%2C12.0.0%2CN%3Bbitrix.sitepersonal%2C12.0.0%2CN%3Bsecurity%2C12.0.5%2CN%3Bcurrency%2C12.0.0%2CN%3Bperfmon%2C12.0.2%2CN&reqm=imyie.littleadmin&lim=Y
2013-02-26 19:49:07 -  - exec CUpdateClientPartner::GetHTTPPage
2013-02-26 19:49:07 -  - TIME LoadModulesUpdates(request) 0.32 sec
2013-02-26 19:49:07 -  - exec CUpdateClientPartner::ParseServerData
2013-02-26 19:49:07 - LMU01 - LoadModulesUpdates-Step
2013-02-26 19:49:08 -  - exec CUpdateClientPartner::LoadModulesUpdates
2013-02-26 19:49:08 -  - exec CUpdateClientPartner::__CollectRequestData
2013-02-26 19:49:08 -  - exec CUpdateClientPartner::ParseServerData
2013-02-26 19:49:08 - DOWNLOAD - Time - 0.5105178356 sec
2013-02-26 19:49:08 -  - exec CUpdateClientPartner::UnGzipArchive
2013-02-26 19:49:08 -  - TIME UnGzipArchive 0.007 sec
2013-02-26 19:49:08 - CSURUS1 - Run updater '/bitrix/updates/update_m1361893748/imyie.littleadmin/updater1.2.0.php'
2013-02-26 19:49:08 -  - TIME UpdateStepModules 0.011 sec
2013-02-26 19:49:08 - UPD_SUCCESS - Updated: imyie.littleadmin (1.2.0)<br>* Появились настройки: Настройка отступов в списках Настройка отступов на странице редактирования Размеры полей для ввода текста Возможность отключить добавление кнопок И другие
2013-02-26 19:49:09 -  - exec CUpdateClientPartner::LoadModulesUpdates
2013-02-26 19:49:09 -  - exec CUpdateClientPartner::__CollectRequestData
2013-02-26 19:49:09 -  - utf=Y&lang=ru&stable=Y&CANGZIP=Y&SUPD_DBS=MYSQL&XE=N&CLIENT_SITE=62.76.184.62&LICENSE_KEY=X&SUPD_STS=1&SUPD_URS=0&SUPD_URSA=2&TYPENC=D&CLIENT_PHPVER=5.3.14&dbv=5.1.66&instm=main%2C12.0.6%2CY%3Bclouds%2C12.0.2%2CN%3Bforum%2C12.0.1%2CN%3Bstatistic%2C12.0.1%2CN%3Bvote%2C12.0.4%2CN%3Btranslate%2C12.0.0%2CN%3Bbizprocdesigner%2C12.0.0%2CN%3Bcatalog%2C12.0.8%2CN%3Bcalendar%2C12.0.3%2CN%3Biblock%2C12.0.3%2CN%3Bsubscribe%2C12.0.1%2CN%3Bidea%2C11.5.1%2CN%3Bseo%2C11.5.0%2CN%3Bwebservice%2C11.5.0%2CN%3Bsocialservices%2C12.0.3%2CN%3Bphotogallery%2C12.0.1%2CN%3Bbitrixcloud%2C12.0.4%2CN%3Bbeono.mastercomponent%2C1.0.5%2CN%3Bworkflow%2C12.0.0%2CN%3Blists%2C12.0.0%2CN%3Bmail%2C12.0.0%2CN%3Bcompression%2C11.0.0%2CN%3Badvertising%2C12.0.0%2CN%3Bsupport%2C11.5.2%2CN%3Bsocialnetwork%2C12.0.3%2CN%3Bfileman%2C12.0.3%2CN%3Bform%2C12.0.0%2CN%3Bim%2C12.1.1%2CN%3Bimyie.littleadmin%2C1.2.0%2CN%3Bsale%2C12.0.2%2CN%3Bbitrix.eshop%2C12.0.0%2CN%3Bblog%2C12.0.0%2CN%3Breport%2C12.0.1%2CN%3Bsearch%2C12.0.0%2CN%3Bbitrix.sitecommunity%2C12.0.0%2CN%3Bbitrix.siteinfoportal%2C12.0.0%2CN%3Blearning%2C12.0.4%2CN%3Bbitrix.sitecorporate%2C12.0.0%2CN%3Bbizproc%2C12.0.2%2CN%3Bwiki%2C12.0.0%2CN%3Bbitrix.sitepersonal%2C12.0.0%2CN%3Bsecurity%2C12.0.5%2CN%3Bcurrency%2C12.0.0%2CN%3Bperfmon%2C12.0.2%2CN&reqm=imyie.littleadmin&lim=Y
2013-02-26 19:49:09 -  - exec CUpdateClientPartner::GetHTTPPage
2013-02-26 19:49:10 -  - TIME LoadModulesUpdates(request) 0.382 sec
2013-02-26 19:49:10 -  - exec CUpdateClientPartner::ParseServerData
2013-02-26 19:49:10 - LMU01 - LoadModulesUpdates-Step
2013-02-26 19:49:11 -  - exec CUpdateClientPartner::LoadModulesUpdates
2013-02-26 19:49:11 -  - exec CUpdateClientPartner::__CollectRequestData
2013-02-26 19:49:11 -  - exec CUpdateClientPartner::ParseServerData
2013-02-26 19:49:11 - DOWNLOAD - Time - 0.4029181004 sec
2013-02-26 19:49:11 -  - exec CUpdateClientPartner::UnGzipArchive
2013-02-26 19:49:11 -  - TIME UnGzipArchive 0.002 sec
2013-02-26 19:49:11 - CSURUS1 - Run updater '/bitrix/updates/update_m1361893751/imyie.littleadmin/updater1.2.1.php'
2013-02-26 19:49:11 -  - TIME UpdateStepModules 0.003 sec
2013-02-26 19:49:11 - UPD_SUCCESS - Updated: imyie.littleadmin (1.2.1)<br>* Исправлена ошибка, при которой выпадающие списки с множественным выбором сужались до слишком малого размера
2013-02-26 19:49:12 -  - exec CUpdateClientPartner::LoadModulesUpdates
2013-02-26 19:49:12 -  - exec CUpdateClientPartner::__CollectRequestData
2013-02-26 19:49:12 -  - utf=Y&lang=ru&stable=Y&CANGZIP=Y&SUPD_DBS=MYSQL&XE=N&CLIENT_SITE=62.76.184.62&LICENSE_KEY=X&SUPD_STS=1&SUPD_URS=0&SUPD_URSA=2&TYPENC=D&CLIENT_PHPVER=5.3.14&dbv=5.1.66&instm=main%2C12.0.6%2CY%3Bclouds%2C12.0.2%2CN%3Bforum%2C12.0.1%2CN%3Bstatistic%2C12.0.1%2CN%3Bvote%2C12.0.4%2CN%3Btranslate%2C12.0.0%2CN%3Bbizprocdesigner%2C12.0.0%2CN%3Bcatalog%2C12.0.8%2CN%3Bcalendar%2C12.0.3%2CN%3Biblock%2C12.0.3%2CN%3Bsubscribe%2C12.0.1%2CN%3Bidea%2C11.5.1%2CN%3Bseo%2C11.5.0%2CN%3Bwebservice%2C11.5.0%2CN%3Bsocialservices%2C12.0.3%2CN%3Bphotogallery%2C12.0.1%2CN%3Bbitrixcloud%2C12.0.4%2CN%3Bbeono.mastercomponent%2C1.0.5%2CN%3Bworkflow%2C12.0.0%2CN%3Blists%2C12.0.0%2CN%3Bmail%2C12.0.0%2CN%3Bcompression%2C11.0.0%2CN%3Badvertising%2C12.0.0%2CN%3Bsupport%2C11.5.2%2CN%3Bsocialnetwork%2C12.0.3%2CN%3Bfileman%2C12.0.3%2CN%3Bform%2C12.0.0%2CN%3Bim%2C12.1.1%2CN%3Bimyie.littleadmin%2C1.2.1%2CN%3Bsale%2C12.0.2%2CN%3Bbitrix.eshop%2C12.0.0%2CN%3Bblog%2C12.0.0%2CN%3Breport%2C12.0.1%2CN%3Bsearch%2C12.0.0%2CN%3Bbitrix.sitecommunity%2C12.0.0%2CN%3Bbitrix.siteinfoportal%2C12.0.0%2CN%3Blearning%2C12.0.4%2CN%3Bbitrix.sitecorporate%2C12.0.0%2CN%3Bbizproc%2C12.0.2%2CN%3Bwiki%2C12.0.0%2CN%3Bbitrix.sitepersonal%2C12.0.0%2CN%3Bsecurity%2C12.0.5%2CN%3Bcurrency%2C12.0.0%2CN%3Bperfmon%2C12.0.2%2CN&reqm=imyie.littleadmin&lim=Y
2013-02-26 19:49:12 -  - exec CUpdateClientPartner::GetHTTPPage
2013-02-26 19:49:12 -  - TIME LoadModulesUpdates(request) 0.319 sec
2013-02-26 19:49:12 -  - exec CUpdateClientPartner::ParseServerData
2013-02-26 19:49:12 - STEP - Finish - NOUPDATES
2013-02-26 19:49:12 - STEP - Finish - NOUPDATES
2013-02-26 19:49:14 -  - exec CUpdateClientPartner::GetUpdatesList
2013-02-26 19:49:14 -  - exec CUpdateClientPartner::__CollectRequestData
2013-02-26 19:49:14 -  - utf=Y&lang=ru&stable=Y&CANGZIP=Y&SUPD_DBS=MYSQL&XE=N&CLIENT_SITE=62.76.184.62&LICENSE_KEY=X&SUPD_STS=1&SUPD_URS=0&SUPD_URSA=2&TYPENC=D&CLIENT_PHPVER=5.3.14&dbv=5.1.66&instm=main%2C12.0.6%2CY%3Bclouds%2C12.0.2%2CN%3Bforum%2C12.0.1%2CN%3Bstatistic%2C12.0.1%2CN%3Bvote%2C12.0.4%2CN%3Btranslate%2C12.0.0%2CN%3Bbizprocdesigner%2C12.0.0%2CN%3Bcatalog%2C12.0.8%2CN%3Bcalendar%2C12.0.3%2CN%3Biblock%2C12.0.3%2CN%3Bsubscribe%2C12.0.1%2CN%3Bidea%2C11.5.1%2CN%3Bseo%2C11.5.0%2CN%3Bwebservice%2C11.5.0%2CN%3Bsocialservices%2C12.0.3%2CN%3Bphotogallery%2C12.0.1%2CN%3Bbitrixcloud%2C12.0.4%2CN%3Bbeono.mastercomponent%2C1.0.5%2CN%3Bworkflow%2C12.0.0%2CN%3Blists%2C12.0.0%2CN%3Bmail%2C12.0.0%2CN%3Bcompression%2C11.0.0%2CN%3Badvertising%2C12.0.0%2CN%3Bsupport%2C11.5.2%2CN%3Bsocialnetwork%2C12.0.3%2CN%3Bfileman%2C12.0.3%2CN%3Bform%2C12.0.0%2CN%3Bim%2C12.1.1%2CN%3Bimyie.littleadmin%2C1.2.1%2CN%3Bsale%2C12.0.2%2CN%3Bbitrix.eshop%2C12.0.0%2CN%3Bblog%2C12.0.0%2CN%3Breport%2C12.0.1%2CN%3Bsearch%2C12.0.0%2CN%3Bbitrix.sitecommunity%2C12.0.0%2CN%3Bbitrix.siteinfoportal%2C12.0.0%2CN%3Blearning%2C12.0.4%2CN%3Bbitrix.sitecorporate%2C12.0.0%2CN%3Bbizproc%2C12.0.2%2CN%3Bwiki%2C12.0.0%2CN%3Bbitrix.sitepersonal%2C12.0.0%2CN%3Bsecurity%2C12.0.5%2CN%3Bcurrency%2C12.0.0%2CN%3Bperfmon%2C12.0.2%2CN&reqm=beono.mastercomponent%2Cimyie.littleadmin%2Cbitrix.eshop%2Cbitrix.sitecommunity%2Cbitrix.siteinfoportal%2Cbitrix.sitecorporate%2Cbitrix.sitepersonal&fullmoduleinfo=Y
2013-02-26 19:49:14 -  - exec CUpdateClientPartner::GetHTTPPage
2013-02-26 19:49:14 -  - TIME GetUpdatesList(request) 0.343 sec
2013-02-26 19:49:14 -  - exec CUpdateClientPartner::ParseServerData
2013-02-26 19:49:19 -  - exec CUpdateClientPartner::GetUpdatesList
2013-02-26 19:49:19 -  - exec CUpdateClientPartner::__CollectRequestData
2013-02-26 19:49:19 -  - utf=Y&lang=ru&stable=Y&CANGZIP=Y&SUPD_DBS=MYSQL&XE=N&CLIENT_SITE=62.76.184.62&LICENSE_KEY=X&SUPD_STS=1&SUPD_URS=0&SUPD_URSA=2&TYPENC=D&CLIENT_PHPVER=5.3.14&dbv=5.1.66&instm=main%2C12.0.6%2CY%3Bclouds%2C12.0.2%2CN%3Bforum%2C12.0.1%2CN%3Bstatistic%2C12.0.1%2CN%3Bvote%2C12.0.4%2CN%3Btranslate%2C12.0.0%2CN%3Bbizprocdesigner%2C12.0.0%2CN%3Bcatalog%2C12.0.8%2CN%3Bcalendar%2C12.0.3%2CN%3Biblock%2C12.0.3%2CN%3Bsubscribe%2C12.0.1%2CN%3Bidea%2C11.5.1%2CN%3Bseo%2C11.5.0%2CN%3Bwebservice%2C11.5.0%2CN%3Bsocialservices%2C12.0.3%2CN%3Bphotogallery%2C12.0.1%2CN%3Bbitrixcloud%2C12.0.4%2CN%3Bbeono.mastercomponent%2C1.0.5%2CN%3Bworkflow%2C12.0.0%2CN%3Blists%2C12.0.0%2CN%3Bmail%2C12.0.0%2CN%3Bcompression%2C11.0.0%2CN%3Badvertising%2C12.0.0%2CN%3Bsupport%2C11.5.2%2CN%3Bsocialnetwork%2C12.0.3%2CN%3Bfileman%2C12.0.3%2CN%3Bform%2C12.0.0%2CN%3Bim%2C12.1.1%2CN%3Bimyie.littleadmin%2C1.2.1%2CN%3Bsale%2C12.0.2%2CN%3Bbitrix.eshop%2C12.0.0%2CN%3Bblog%2C12.0.0%2CN%3Breport%2C12.0.1%2CN%3Bsearch%2C12.0.0%2CN%3Bbitrix.sitecommunity%2C12.0.0%2CN%3Bbitrix.siteinfoportal%2C12.0.0%2CN%3Blearning%2C12.0.4%2CN%3Bbitrix.sitecorporate%2C12.0.0%2CN%3Bbizproc%2C12.0.2%2CN%3Bwiki%2C12.0.0%2CN%3Bbitrix.sitepersonal%2C12.0.0%2CN%3Bsecurity%2C12.0.5%2CN%3Bcurrency%2C12.0.0%2CN%3Bperfmon%2C12.0.2%2CN&reqm=beono.mastercomponent%2Cimyie.littleadmin%2Cbitrix.eshop%2Cbitrix.sitecommunity%2Cbitrix.siteinfoportal%2Cbitrix.sitecorporate%2Cbitrix.sitepersonal&fullmoduleinfo=Y
2013-02-26 19:49:19 -  - exec CUpdateClientPartner::GetHTTPPage
2013-02-26 19:49:19 -  - TIME GetUpdatesList(request) 0.35 sec
2013-02-26 19:49:19 -  - exec CUpdateClientPartner::ParseServerData
